<?xml version="1.0" encoding="UTF-8"?>
<testsuite name="JUnit Jupiter" tests="1" skipped="0" failures="0" errors="0" time="0.068" hostname="akaimoPro.local" timestamp="2017-12-06T18:39:53">
<properties>
<property name="awt.toolkit" value="sun.lwawt.macosx.LWCToolkit"/>
<property name="file.encoding" value="UTF-8"/>
<property name="file.encoding.pkg" value="sun.io"/>
<property name="file.separator" value="/"/>
<property name="ftp.nonProxyHosts" value="local|*.local|169.254/16|*.169.254/16"/>
<property name="gopherProxySet" value="false"/>
<property name="http.nonProxyHosts" value="local|*.local|169.254/16|*.169.254/16"/>
<property name="java.awt.graphicsenv" value="sun.awt.CGraphicsEnvironment"/>
<property name="java.awt.printerjob" value="sun.lwawt.macosx.CPrinterJob"/>
<property name="java.class.path" value="/Users/akaimo/my_workspace/project/e2e_gradle/build/classes/java/test:/Users/akaimo/my_workspace/project/e2e_gradle/build/classes/kotlin/test:/Users/akaimo/my_workspace/project/e2e_gradle/build/resources/test:/Users/akaimo/my_workspace/project/e2e_gradle/build/classes/java/main:/Users/akaimo/my_workspace/project/e2e_gradle/build/classes/kotlin/main:/Users/akaimo/my_workspace/project/e2e_gradle/build/resources/main:/Users/akaimo/.gradle/caches/modules-2/files-2.1/org.jetbrains.kotlin/kotlin-stdlib/1.2.0/25eb440d6eeb9fc60299121020fe726eb2100d03/kotlin-stdlib-1.2.0.jar:/Users/akaimo/.gradle/caches/modules-2/files-2.1/org.seleniumhq.selenium/selenium-java/3.8.1/5b50d4072e0e51779b6e9f3594106312061bfde/selenium-java-3.8.1.jar:/Users/akaimo/.gradle/caches/modules-2/files-2.1/org.apiguardian/apiguardian-api/1.0.0/3ef5276905e36f4d8055fe3cb0bdcc7503ffc85d/apiguardian-api-1.0.0.jar:/Users/akaimo/.gradle/caches/modules-2/files-2.1/org.junit.jupiter/junit-jupiter-engine/5.1.0-M1/b8bb5cce1296404d5cb51f7089a06b2f6ded6bc3/junit-jupiter-engine-5.1.0-M1.jar:/Users/akaimo/.gradle/caches/modules-2/files-2.1/org.junit.platform/junit-platform-console/1.1.0-M1/a2d7c838fcd43048631651b50fbba0f5d727a606/junit-platform-console-1.1.0-M1.jar:/Users/akaimo/.gradle/caches/modules-2/files-2.1/org.junit.platform/junit-platform-launcher/1.1.0-M1/27a8ae74163786f07035905af9f10e312e7d1bd1/junit-platform-launcher-1.1.0-M1.jar:/Users/akaimo/.gradle/caches/modules-2/files-2.1/org.junit.platform/junit-platform-engine/1.1.0-M1/a35dd45738d492311ee32d7749e722850e3b427c/junit-platform-engine-1.1.0-M1.jar:/Users/akaimo/.gradle/caches/modules-2/files-2.1/org.junit.jupiter/junit-jupiter-api/5.1.0-M1/fcff577364a8734667c14496993bca880ce59790/junit-jupiter-api-5.1.0-M1.jar:/Users/akaimo/.gradle/caches/modules-2/files-2.1/org.jetbrains/annotations/13.0/919f0dfe192fb4e063e7dacadee7f8bb9a2672a9/annotations-13.0.jar:/Users/akaimo/.gradle/caches/modules-2/files-2.1/org.seleniumhq.selenium/selenium-chrome-driver/3.8.1/e147016da4c0e3d37112864ee5905810fe9dae7e/selenium-chrome-driver-3.8.1.jar:/Users/akaimo/.gradle/caches/modules-2/files-2.1/org.seleniumhq.selenium/selenium-edge-driver/3.8.1/9c2074fad741d2c371a41e4c9d8fe80a43b1956b/selenium-edge-driver-3.8.1.jar:/Users/akaimo/.gradle/caches/modules-2/files-2.1/org.seleniumhq.selenium/selenium-firefox-driver/3.8.1/5df6c61edd3058b770a9bbde557f7a5ecbb584b4/selenium-firefox-driver-3.8.1.jar:/Users/akaimo/.gradle/caches/modules-2/files-2.1/org.seleniumhq.selenium/selenium-ie-driver/3.8.1/a395f99834712925e898b7ec482ffa25db8d84f8/selenium-ie-driver-3.8.1.jar:/Users/akaimo/.gradle/caches/modules-2/files-2.1/org.seleniumhq.selenium/selenium-opera-driver/3.8.1/e5f2dd0d77293c6a6f09515095bc9c7f5bb5e947/selenium-opera-driver-3.8.1.jar:/Users/akaimo/.gradle/caches/modules-2/files-2.1/org.seleniumhq.selenium/selenium-safari-driver/3.8.1/84c83ddd1ec3665770c52733779c2c4b8bd8ed8f/selenium-safari-driver-3.8.1.jar:/Users/akaimo/.gradle/caches/modules-2/files-2.1/org.seleniumhq.selenium/selenium-support/3.8.1/a81051b31220c6f4a56d19d35c5cdeb081026dfa/selenium-support-3.8.1.jar:/Users/akaimo/.gradle/caches/modules-2/files-2.1/org.seleniumhq.selenium/selenium-remote-driver/3.8.1/f2e493ccd447e36c7bb97bd3d872ed1d7dada6cf/selenium-remote-driver-3.8.1.jar:/Users/akaimo/.gradle/caches/modules-2/files-2.1/org.seleniumhq.selenium/selenium-api/3.8.1/248cdab497e53be8a259ac7edea3e82df2aa6cef/selenium-api-3.8.1.jar:/Users/akaimo/.gradle/caches/modules-2/files-2.1/net.bytebuddy/byte-buddy/1.7.5/baf12b76298eed6a244d9a4de6b5c3baa27ffa0e/byte-buddy-1.7.5.jar:/Users/akaimo/.gradle/caches/modules-2/files-2.1/org.apache.commons/commons-exec/1.3/8dfb9facd0830a27b1b5f29f84593f0aeee7773b/commons-exec-1.3.jar:/Users/akaimo/.gradle/caches/modules-2/files-2.1/org.apache.httpcomponents/httpclient/4.5.3/d1577ae15f01ef5438c5afc62162457c00a34713/httpclient-4.5.3.jar:/Users/akaimo/.gradle/caches/modules-2/files-2.1/commons-codec/commons-codec/1.10/4b95f4897fa13f2cd904aee711aeafc0c5295cd8/commons-codec-1.10.jar:/Users/akaimo/.gradle/caches/modules-2/files-2.1/commons-logging/commons-logging/1.2/4bfc12adfe4842bf07b657f0369c4cb522955686/commons-logging-1.2.jar:/Users/akaimo/.gradle/caches/modules-2/files-2.1/com.google.code.gson/gson/2.8.2/3edcfe49d2c6053a70a2a47e4e1c2f94998a49cf/gson-2.8.2.jar:/Users/akaimo/.gradle/caches/modules-2/files-2.1/com.google.guava/guava/23.0/c947004bb13d18182be60077ade044099e4f26f1/guava-23.0.jar:/Users/akaimo/.gradle/caches/modules-2/files-2.1/org.apache.httpcomponents/httpcore/4.4.6/e3fd8ced1f52c7574af952e2e6da0df8df08eb82/httpcore-4.4.6.jar:/Users/akaimo/.gradle/caches/modules-2/files-2.1/org.junit.platform/junit-platform-commons/1.1.0-M1/3f6fff90b70ec152aac31760694c7680cc618df9/junit-platform-commons-1.1.0-M1.jar:/Users/akaimo/.gradle/caches/modules-2/files-2.1/org.opentest4j/opentest4j/1.0.0/6f09c598e9ff64bf0ce2fa7e7de49a99ba83c0b4/opentest4j-1.0.0.jar:/Users/akaimo/.gradle/caches/modules-2/files-2.1/com.google.code.findbugs/jsr305/1.3.9/40719ea6961c0cb6afaeb6a921eaa1f6afd4cfdf/jsr305-1.3.9.jar:/Users/akaimo/.gradle/caches/modules-2/files-2.1/com.google.errorprone/error_prone_annotations/2.0.18/5f65affce1684999e2f4024983835efc3504012e/error_prone_annotations-2.0.18.jar:/Users/akaimo/.gradle/caches/modules-2/files-2.1/com.google.j2objc/j2objc-annotations/1.1/ed28ded51a8b1c6b112568def5f4b455e6809019/j2objc-annotations-1.1.jar:/Users/akaimo/.gradle/caches/modules-2/files-2.1/org.codehaus.mojo/animal-sniffer-annotations/1.14/775b7e22fb10026eed3f86e8dc556dfafe35f2d5/animal-sniffer-annotations-1.14.jar"/>
<property name="java.class.version" value="53.0"/>
<property name="java.home" value="/Library/Java/JavaVirtualMachines/jdk-9.0.1.jdk/Contents/Home"/>
<property name="java.io.tmpdir" value="/var/folders/6f/2ftvbw6n33q_yr85m15nqw500000gn/T/"/>
<property name="java.library.path" value="/Users/akaimo/Library/Java/Extensions:/Library/Java/Extensions:/Network/Library/Java/Extensions:/System/Library/Java/Extensions:/usr/lib/java:."/>
<property name="java.runtime.name" value="Java(TM) SE Runtime Environment"/>
<property name="java.runtime.version" value="9.0.1+11"/>
<property name="java.specification.name" value="Java Platform API Specification"/>
<property name="java.specification.vendor" value="Oracle Corporation"/>
<property name="java.specification.version" value="9"/>
<property name="java.vendor" value="Oracle Corporation"/>
<property name="java.vendor.url" value="http://java.oracle.com/"/>
<property name="java.vendor.url.bug" value="http://bugreport.java.com/bugreport/"/>
<property name="java.version" value="9.0.1"/>
<property name="java.vm.compressedOopsMode" value="Zero based"/>
<property name="java.vm.info" value="mixed mode"/>
<property name="java.vm.name" value="Java HotSpot(TM) 64-Bit Server VM"/>
<property name="java.vm.specification.name" value="Java Virtual Machine Specification"/>
<property name="java.vm.specification.vendor" value="Oracle Corporation"/>
<property name="java.vm.specification.version" value="9"/>
<property name="java.vm.vendor" value="Oracle Corporation"/>
<property name="java.vm.version" value="9.0.1+11"/>
<property name="jdk.debug" value="release"/>
<property name="line.separator" value="
"/>
<property name="os.arch" value="x86_64"/>
<property name="os.name" value="Mac OS X"/>
<property name="os.version" value="10.13.1"/>
<property name="path.separator" value=":"/>
<property name="socksNonProxyHosts" value="local|*.local|169.254/16|*.169.254/16"/>
<property name="sun.arch.data.model" value="64"/>
<property name="sun.boot.library.path" value="/Library/Java/JavaVirtualMachines/jdk-9.0.1.jdk/Contents/Home/lib"/>
<property name="sun.cpu.endian" value="little"/>
<property name="sun.cpu.isalist" value=""/>
<property name="sun.io.unicode.encoding" value="UnicodeBig"/>
<property name="sun.java.command" value="org.junit.platform.console.ConsoleLauncher --details NONE --scan-class-path /Users/akaimo/my_workspace/project/e2e_gradle/build/classes/java/main:/Users/akaimo/my_workspace/project/e2e_gradle/build/classes/kotlin/main:/Users/akaimo/my_workspace/project/e2e_gradle/build/resources/main:/Users/akaimo/my_workspace/project/e2e_gradle/build/classes/java/test:/Users/akaimo/my_workspace/project/e2e_gradle/build/classes/kotlin/test:/Users/akaimo/my_workspace/project/e2e_gradle/build/resources/test -n ^.*Tests?$ --reports-dir /Users/akaimo/my_workspace/project/e2e_gradle/build/test-results/junit-platform"/>
<property name="sun.java.launcher" value="SUN_STANDARD"/>
<property name="sun.jnu.encoding" value="UTF-8"/>
<property name="sun.management.compiler" value="HotSpot 64-Bit Tiered Compilers"/>
<property name="sun.os.patch.level" value="unknown"/>
<property name="user.country" value="JP"/>
<property name="user.dir" value="/Users/akaimo/my_workspace/project/e2e_gradle"/>
<property name="user.home" value="/Users/akaimo"/>
<property name="user.language" value="en"/>
<property name="user.name" value="akaimo"/>
<property name="user.timezone" value="Asia/Tokyo"/>
<property name="user.variant" value=""/>
</properties>
<testcase name="sample()" classname="code.example.HelloWorldTest" time="0.011">
<system-out><![CDATA[
unique-id: [engine:junit-jupiter]/[class:code.example.HelloWorldTest]/[method:sample()]
display-name: sample()
]]></system-out>
</testcase>
<system-out><![CDATA[
unique-id: [engine:junit-jupiter]
display-name: JUnit Jupiter
]]></system-out>
</testsuite>
